<?xml version="1.0" encoding="utf-8"?><testsuites name="pytest tests"><testsuite name="pytest" errors="0" failures="0" skipped="0" tests="8" time="1.997" timestamp="2026-02-24T06:12:21.431233+00:00" hostname="agent-env-4db0002d-e104-4b98-a350-91e9ac6de3cf"><testcase classname="backend.tests.test_bug_fixes.TestAuthLogout" name="test_login_and_logout_flow" time="0.312" /><testcase classname="backend.tests.test_bug_fixes.TestCircleNavigation" name="test_get_circles_list" time="0.099" /><testcase classname="backend.tests.test_bug_fixes.TestCircleNavigation" name="test_get_circle_detail" time="0.216" /><testcase classname="backend.tests.test_bug_fixes.TestCommentsAPI" name="test_get_comments_unauthenticated" time="0.200" /><testcase classname="backend.tests.test_bug_fixes.TestPostCreation" name="test_create_post_in_circle" time="0.329" /><testcase classname="backend.tests.test_bug_fixes.TestLikeButton" name="test_like_circle_post" time="0.225" /><testcase classname="backend.tests.test_bug_fixes.TestThreeDotMenu" name="test_leave_circle_api" time="0.286" /><testcase classname="backend.tests.test_bug_fixes.TestCirclePostsAPI" name="test_get_circle_posts" time="0.220" /></testsuite></testsuites>